D:\DOCUMENTS\DESKTOP\PAWPAW_FIREWARE\WINDOWS\PAWPAW_16MIC_CAP_DEMO\PAWPAW_16MIC_CAP_DEMO\DEBUG\INIT_CONFIG.OBJ
D:\DOCUMENTS\DESKTOP\PAWPAW_FIREWARE\WINDOWS\PAWPAW_16MIC_CAP_DEMO\PAWPAW_16MIC_CAP_DEMO\DEBUG\PA_DEVS.OBJ
D:\DOCUMENTS\DESKTOP\PAWPAW_FIREWARE\WINDOWS\PAWPAW_16MIC_CAP_DEMO\PAWPAW_16MIC_CAP_DEMO\DEBUG\PLAY.OBJ
D:\DOCUMENTS\DESKTOP\PAWPAW_FIREWARE\WINDOWS\PAWPAW_16MIC_CAP_DEMO\PAWPAW_16MIC_CAP_DEMO\DEBUG\RECORD.OBJ
D:\DOCUMENTS\DESKTOP\PAWPAW_FIREWARE\WINDOWS\PAWPAW_16MIC_CAP_DEMO\PAWPAW_16MIC_CAP_DEMO\DEBUG\VC110.PDB
D:\DOCUMENTS\DESKTOP\PAWPAW_FIREWARE\WINDOWS\PAWPAW_16MIC_CAP_DEMO\DEBUG\PAWPAW_16MIC_CAP_DEMO.ILK
D:\DOCUMENTS\DESKTOP\PAWPAW_FIREWARE\WINDOWS\PAWPAW_16MIC_CAP_DEMO\DEBUG\PAWPAW_16MIC_CAP_DEMO.EXE
D:\DOCUMENTS\DESKTOP\PAWPAW_FIREWARE\WINDOWS\PAWPAW_16MIC_CAP_DEMO\DEBUG\PAWPAW_16MIC_CAP_DEMO.PDB
D:\Documents\Desktop\pawpaw_fireware\windows\Pawpaw_16mic_cap_demo\Pawpaw_16mic_cap_demo\Debug\init_config.obj
D:\Documents\Desktop\pawpaw_fireware\windows\Pawpaw_16mic_cap_demo\Pawpaw_16mic_cap_demo\Debug\pa_devs.obj
D:\Documents\Desktop\pawpaw_fireware\windows\Pawpaw_16mic_cap_demo\Pawpaw_16mic_cap_demo\Debug\play.obj
D:\Documents\Desktop\pawpaw_fireware\windows\Pawpaw_16mic_cap_demo\Pawpaw_16mic_cap_demo\Debug\record.obj
D:\Documents\Desktop\pawpaw_fireware\windows\Pawpaw_16mic_cap_demo\Pawpaw_16mic_cap_demo\Debug\cl.command.1.tlog
D:\Documents\Desktop\pawpaw_fireware\windows\Pawpaw_16mic_cap_demo\Pawpaw_16mic_cap_demo\Debug\CL.read.1.tlog
D:\Documents\Desktop\pawpaw_fireware\windows\Pawpaw_16mic_cap_demo\Pawpaw_16mic_cap_demo\Debug\CL.write.1.tlog
D:\Documents\Desktop\pawpaw_fireware\windows\Pawpaw_16mic_cap_demo\Pawpaw_16mic_cap_demo\Debug\link-cvtres.read.1.tlog
D:\Documents\Desktop\pawpaw_fireware\windows\Pawpaw_16mic_cap_demo\Pawpaw_16mic_cap_demo\Debug\link-cvtres.write.1.tlog
D:\Documents\Desktop\pawpaw_fireware\windows\Pawpaw_16mic_cap_demo\Pawpaw_16mic_cap_demo\Debug\link-rc.read.1.tlog
D:\Documents\Desktop\pawpaw_fireware\windows\Pawpaw_16mic_cap_demo\Pawpaw_16mic_cap_demo\Debug\link-rc.write.1.tlog
D:\Documents\Desktop\pawpaw_fireware\windows\Pawpaw_16mic_cap_demo\Pawpaw_16mic_cap_demo\Debug\link.command.1.tlog
D:\Documents\Desktop\pawpaw_fireware\windows\Pawpaw_16mic_cap_demo\Pawpaw_16mic_cap_demo\Debug\link.read.1.tlog
D:\Documents\Desktop\pawpaw_fireware\windows\Pawpaw_16mic_cap_demo\Pawpaw_16mic_cap_demo\Debug\link.write.1.tlog
D:\Documents\Desktop\pawpaw_fireware\windows\Pawpaw_16mic_cap_demo\Pawpaw_16mic_cap_demo\Debug\vc110.idb
D:\Documents\Desktop\pawpaw_fireware\windows\Pawpaw_16mic_cap_demo\Pawpaw_16mic_cap_demo\Debug\vc110.pdb
D:\Documents\Desktop\pawpaw_fireware\windows\Pawpaw_16mic_cap_demo\Debug\Pawpaw_16mic_cap_demo.pdb
D:\Documents\Desktop\pawpaw_fireware\windows\Pawpaw_16mic_cap_demo\Debug\Pawpaw_16mic_cap_demo.exe
D:\Documents\Desktop\pawpaw_fireware\windows\Pawpaw_16mic_cap_demo\Debug\Pawpaw_16mic_cap_demo.ilk
